
  .   ____          _            __ _ _
 /\\ / ___'_ __ _ _(_)_ __  __ _ \ \ \ \
( ( )\___ | '_ | '_| | '_ \/ _` | \ \ \ \
 \\/  ___)| |_)| | | | | || (_| |  ) ) ) )
  '  |____| .__|_| |_|_| |_\__, | / / / /
 =========|_|==============|___/=/_/_/_/
 :: Spring Boot ::                (v3.2.0)

2025-11-02T03:21:07.878+05:00  INFO 18324 --- [           main] com.example.demo.DemoApplication         : Starting DemoApplication v0.0.1-SNAPSHOT using Java 21.0.8 with PID 18324 (D:\ITPU\java uzum\build\libs\uzum-java-student-0.0.1-SNAPSHOT.jar started by Admin in D:\ITPU\java uzum)
2025-11-02T03:21:07.882+05:00  INFO 18324 --- [           main] com.example.demo.DemoApplication         : No active profile set, falling back to 1 default profile: "default"
2025-11-02T03:21:09.095+05:00  INFO 18324 --- [           main] .s.d.r.c.RepositoryConfigurationDelegate : Bootstrapping Spring Data JPA repositories in DEFAULT mode.
2025-11-02T03:21:09.198+05:00  INFO 18324 --- [           main] .s.d.r.c.RepositoryConfigurationDelegate : Finished Spring Data repository scanning in 86 ms. Found 2 JPA repository interfaces.
2025-11-02T03:21:09.998+05:00  INFO 18324 --- [           main] o.s.b.w.embedded.tomcat.TomcatWebServer  : Tomcat initialized with port 8080 (http)
2025-11-02T03:21:10.014+05:00  INFO 18324 --- [           main] o.apache.catalina.core.StandardService   : Starting service [Tomcat]
2025-11-02T03:21:10.015+05:00  INFO 18324 --- [           main] o.apache.catalina.core.StandardEngine    : Starting Servlet engine: [Apache Tomcat/10.1.16]
2025-11-02T03:21:10.076+05:00  INFO 18324 --- [           main] o.a.c.c.C.[Tomcat].[localhost].[/]       : Initializing Spring embedded WebApplicationContext
2025-11-02T03:21:10.079+05:00  INFO 18324 --- [           main] w.s.c.ServletWebServerApplicationContext : Root WebApplicationContext: initialization completed in 2091 ms
2025-11-02T03:21:10.345+05:00  INFO 18324 --- [           main] o.hibernate.jpa.internal.util.LogHelper  : HHH000204: Processing PersistenceUnitInfo [name: default]
2025-11-02T03:21:10.423+05:00  INFO 18324 --- [           main] org.hibernate.Version                    : HHH000412: Hibernate ORM core version 6.3.1.Final
2025-11-02T03:21:10.468+05:00  INFO 18324 --- [           main] o.h.c.internal.RegionFactoryInitiator    : HHH000026: Second-level cache disabled
2025-11-02T03:21:10.874+05:00  INFO 18324 --- [           main] o.s.o.j.p.SpringPersistenceUnitInfo      : No LoadTimeWeaver setup: ignoring JPA class transformer
2025-11-02T03:21:10.930+05:00  INFO 18324 --- [           main] com.zaxxer.hikari.HikariDataSource       : HikariPool-1 - Starting...
2025-11-02T03:21:11.159+05:00  INFO 18324 --- [           main] com.zaxxer.hikari.pool.HikariPool        : HikariPool-1 - Added connection conn0: url=jdbc:h2:mem:testdb user=POSTGRES
2025-11-02T03:21:11.161+05:00  INFO 18324 --- [           main] com.zaxxer.hikari.HikariDataSource       : HikariPool-1 - Start completed.
2025-11-02T03:21:11.195+05:00  WARN 18324 --- [           main] org.hibernate.dialect.Dialect            : HHH000511: The 2.2.0 version for [org.hibernate.dialect.PostgreSQLDialect] is no longer supported, hence certain features may not work properly. The minimum supported version is 11.0.0. Check the community dialects project for available legacy versions.
2025-11-02T03:21:11.201+05:00  WARN 18324 --- [           main] org.hibernate.orm.deprecation            : HHH90000025: PostgreSQLDialect does not need to be specified explicitly using 'hibernate.dialect' (remove the property setting and it will be selected by default)
2025-11-02T03:21:12.361+05:00  INFO 18324 --- [           main] o.h.e.t.j.p.i.JtaPlatformInitiator       : HHH000489: No JTA platform available (set 'hibernate.transaction.jta.platform' to enable JTA platform integration)
Hibernate: create table car (id bigint not null, horsepower integer not null, model varchar(255) not null, owner_id bigint not null, primary key (id))
Hibernate: create table person (id bigint not null, birthdate date not null, name varchar(255) not null, primary key (id))
2025-11-02T03:21:12.420+05:00  INFO 18324 --- [           main] j.LocalContainerEntityManagerFactoryBean : Initialized JPA EntityManagerFactory for persistence unit 'default'
2025-11-02T03:21:13.093+05:00  WARN 18324 --- [           main] JpaBaseConfiguration$JpaWebConfiguration : spring.jpa.open-in-view is enabled by default. Therefore, database queries may be performed during view rendering. Explicitly configure spring.jpa.open-in-view to disable this warning
2025-11-02T03:21:13.138+05:00  INFO 18324 --- [           main] o.s.b.a.w.s.WelcomePageHandlerMapping    : Adding welcome page: class path resource [static/index.html]
2025-11-02T03:21:13.798+05:00  INFO 18324 --- [           main] o.s.b.w.embedded.tomcat.TomcatWebServer  : Tomcat started on port 8080 (http) with context path ''
2025-11-02T03:21:13.825+05:00  INFO 18324 --- [           main] com.example.demo.DemoApplication         : Started DemoApplication in 6.63 seconds (process running for 7.643)
2025-11-02T03:21:14.161+05:00  INFO 18324 --- [nio-8080-exec-2] o.a.c.c.C.[Tomcat].[localhost].[/]       : Initializing Spring DispatcherServlet 'dispatcherServlet'
2025-11-02T03:21:14.163+05:00  INFO 18324 --- [nio-8080-exec-2] o.s.web.servlet.DispatcherServlet        : Initializing Servlet 'dispatcherServlet'
2025-11-02T03:21:14.168+05:00  INFO 18324 --- [nio-8080-exec-2] o.s.web.servlet.DispatcherServlet        : Completed initialization in 4 ms
Hibernate: select count(*) from person p1_0
Hibernate: select count(*) from person p1_0 where p1_0.id=?
Hibernate: select p1_0.id,p1_0.birthdate,p1_0.name from person p1_0 where p1_0.id=?
Hibernate: insert into person (birthdate,name,id) values (?,?,?)
Hibernate: select count(*) from person p1_0 where p1_0.id=?
Hibernate: select c1_0.id,c1_0.horsepower,c1_0.model,c1_0.owner_id from car c1_0 where c1_0.id=?
Hibernate: insert into car (horsepower,model,owner_id,id) values (?,?,?,?)
Hibernate: select count(*) from person p1_0 where p1_0.id=?
Hibernate: select p1_0.id,p1_0.birthdate,p1_0.name from person p1_0 where p1_0.id=?
Hibernate: insert into person (birthdate,name,id) values (?,?,?)
Hibernate: select count(*) from person p1_0 where p1_0.id=?
Hibernate: select c1_0.id,c1_0.horsepower,c1_0.model,c1_0.owner_id from car c1_0 where c1_0.id=?
Hibernate: insert into car (horsepower,model,owner_id,id) values (?,?,?,?)
Hibernate: select p1_0.id,p1_0.birthdate,p1_0.name from person p1_0 where p1_0.id=?
Hibernate: select c1_0.id,c1_0.horsepower,c1_0.model,c1_0.owner_id from car c1_0 where c1_0.owner_id=?
Hibernate: select count(*) from person p1_0
Hibernate: select count(*) from car c1_0
Hibernate: select c1_0.id,c1_0.horsepower,c1_0.model,c1_0.owner_id from car c1_0
Hibernate: select p1_0.id,p1_0.birthdate,p1_0.name from person p1_0
Hibernate: delete from person where id=?
Hibernate: delete from person where id=?
Hibernate: select c1_0.id,c1_0.horsepower,c1_0.model,c1_0.owner_id from car c1_0
Hibernate: delete from car where id=?
Hibernate: delete from car where id=?
